

*******************************************************************************
Sat Jun 25 22:35:23 2022


FIT:    data read from "data1-L.txt" u 1:3
        format = x:z
        #datapoints = 5
        residuals are weighted equally (unit weight)

function used for fitting: a*x+b
fitted parameters initialized with current variable values

iter      chisq       delta/lim  lambda   a             b            
   0 5.4269758060e+05   0.00e+00  2.45e+00    1.000000e+00   1.000000e+00
   4 5.1258370219e+01  -1.55e-03  2.45e-04    9.954681e+01   4.059576e+00

After 4 iterations the fit converged.
final sum of squares of residuals : 51.2584
rel. change during last iteration : -1.54891e-08

degrees of freedom    (FIT_NDF)                        : 3
rms of residuals      (FIT_STDFIT) = sqrt(WSSR/ndf)    : 4.13354
variance of residuals (reduced chisquare) = WSSR/ndf   : 17.0861

Final set of parameters            Asymptotic Standard Error
=======================            ==========================
a               = 99.5468          +/- 1.311        (1.317%)
b               = 4.05958          +/- 4.346        (107.1%)

correlation matrix of the fit parameters:
                a      b      
a               1.000 
b              -0.905  1.000 


*******************************************************************************
Sat Jun 25 22:37:25 2022


FIT:    data read from "data08-L.txt" u 1:3
        format = x:z
        #datapoints = 5
        residuals are weighted equally (unit weight)

function used for fitting: c*x+d
fitted parameters initialized with current variable values

iter      chisq       delta/lim  lambda   c             d            
   0 3.3688525430e+05   0.00e+00  2.46e+00    1.000000e+00   1.000000e+00
   4 3.3550002494e+02  -4.79e-04  2.46e-04    8.249158e+01  -1.183972e+01

After 4 iterations the fit converged.
final sum of squares of residuals : 335.5
rel. change during last iteration : -4.78603e-09

degrees of freedom    (FIT_NDF)                        : 3
rms of residuals      (FIT_STDFIT) = sqrt(WSSR/ndf)    : 10.5751
variance of residuals (reduced chisquare) = WSSR/ndf   : 111.833

Final set of parameters            Asymptotic Standard Error
=======================            ==========================
c               = 82.4916          +/- 3.307        (4.009%)
d               = -11.8397         +/- 11           (92.88%)

correlation matrix of the fit parameters:
                c      d      
c               1.000 
d              -0.903  1.000 


*******************************************************************************
Sat Jun 25 22:38:14 2022


FIT:    data read from "data06-L.txt" u 1:3
        format = x:z
        #datapoints = 5
        residuals are weighted equally (unit weight)

function used for fitting: e*x+f
fitted parameters initialized with current variable values

iter      chisq       delta/lim  lambda   e             f            
   0 1.9404114160e+05   0.00e+00  2.45e+00    1.000000e+00   1.000000e+00
   4 9.8395797166e+02  -3.19e-05  2.45e-04    5.998561e+01   2.343156e+00

After 4 iterations the fit converged.
final sum of squares of residuals : 983.958
rel. change during last iteration : -3.18985e-10

degrees of freedom    (FIT_NDF)                        : 3
rms of residuals      (FIT_STDFIT) = sqrt(WSSR/ndf)    : 18.1104
variance of residuals (reduced chisquare) = WSSR/ndf   : 327.986

Final set of parameters            Asymptotic Standard Error
=======================            ==========================
e               = 59.9856          +/- 5.785        (9.643%)
f               = 2.34316          +/- 19.15        (817.3%)

correlation matrix of the fit parameters:
                e      f      
e               1.000 
f              -0.906  1.000 


*******************************************************************************
Sat Jun 25 22:39:04 2022


FIT:    data read from "data04-L.txt" u 1:3
        format = x:z
        #datapoints = 5
        residuals are weighted equally (unit weight)

function used for fitting: g*x+h
fitted parameters initialized with current variable values

iter      chisq       delta/lim  lambda   g             h            
   0 1.0394499180e+05   0.00e+00  2.46e+00    1.000000e+00   1.000000e+00
   4 3.7570904151e+00  -2.71e-04  2.46e-04    4.059140e+01   1.463871e+01

After 4 iterations the fit converged.
final sum of squares of residuals : 3.75709
rel. change during last iteration : -2.71176e-09

degrees of freedom    (FIT_NDF)                        : 3
rms of residuals      (FIT_STDFIT) = sqrt(WSSR/ndf)    : 1.11909
variance of residuals (reduced chisquare) = WSSR/ndf   : 1.25236

Final set of parameters            Asymptotic Standard Error
=======================            ==========================
g               = 40.5914          +/- 0.3542       (0.8727%)
h               = 14.6387          +/- 1.178        (8.05%)

correlation matrix of the fit parameters:
                g      h      
g               1.000 
h              -0.905  1.000 


*******************************************************************************
Sat Jun 25 22:39:40 2022


FIT:    data read from "data02-L.txt" u 1:3
        format = x:z
        #datapoints = 5
        residuals are weighted equally (unit weight)

function used for fitting: i*x+l
fitted parameters initialized with current variable values

iter      chisq       delta/lim  lambda   i             l            
   0 3.5317041600e+04   0.00e+00  2.46e+00    1.000000e+00   1.000000e+00
   4 6.0885349578e+00  -2.42e-03  2.46e-04    2.179017e+01   1.715517e+01

After 4 iterations the fit converged.
final sum of squares of residuals : 6.08853
rel. change during last iteration : -2.41704e-08

degrees of freedom    (FIT_NDF)                        : 3
rms of residuals      (FIT_STDFIT) = sqrt(WSSR/ndf)    : 1.42461
variance of residuals (reduced chisquare) = WSSR/ndf   : 2.02951

Final set of parameters            Asymptotic Standard Error
=======================            ==========================
i               = 21.7902          +/- 0.4491       (2.061%)
l               = 17.1552          +/- 1.494        (8.707%)

correlation matrix of the fit parameters:
                i      l      
i               1.000 
l              -0.904  1.000 
