%このファイルは日本語文字を含みます.
\BOOKMARK [1][-]{section.1}{\376\377\166\356\166\204}{}% 1
\BOOKMARK [1][-]{section.2}{\376\377\123\237\164\006}{}% 2
\BOOKMARK [2][-]{subsection.2.1}{\376\377\217\375\212\030\377\032\123\112\134\016\117\123\000\050\000s\000e\000m\000i\000c\000o\000n\000d\000u\000c\000t\000o\000r\000\051}{section.2}% 3
\BOOKMARK [2][-]{subsection.2.2}{\376\377\217\375\212\030\377\032\000p\127\213\123\112\134\016\117\123\000\050\000p\000-\000t\000y\000p\000e\000\040\000s\000e\000m\000i\000c\000o\000n\000d\000u\000c\000t\000o\000r\000\051}{section.2}% 4
\BOOKMARK [2][-]{subsection.2.3}{\376\377\217\375\212\030\377\032\000n\127\213\123\112\134\016\117\123\000\050\000n\000-\000t\000y\000p\000e\000\040\000s\000e\000m\000i\000c\000o\000n\000d\000u\000c\000t\000o\000r\000\051}{section.2}% 5
\BOOKMARK [2][-]{subsection.2.4}{\376\377\060\300\060\244\060\252\060\374\060\311\000\050\000d\000i\000o\000d\000e\000\051}{section.2}% 6
\BOOKMARK [2][-]{subsection.2.5}{\376\377\060\304\060\247\060\312\060\374\060\300\060\244\060\252\060\374\060\311\000\050\000Z\000e\000n\000e\000r\000\040\000d\000i\000o\000d\000e\000\051}{section.2}% 7
\BOOKMARK [2][-]{subsection.2.6}{\376\377\217\375\212\030\377\032\214\240\203\167\175\332\000\050\000l\000o\000a\000d\000\040\000l\000i\000n\000e\000\051\0001\0001\0003\0000\0002\0008\0002\0002\0007\0001\0000\0009\0008\0001\0001\0003\0000\0000\0000\0000\0007\0009\0005\0009\0000\0006\0001\0005\0008\0005\0009\0002}{section.2}% 8
\BOOKMARK [2][-]{subsection.2.7}{\376\377\217\375\212\030\377\032\122\325\117\134\160\271\000\050\000o\000p\000e\000r\000a\000t\000i\000n\000g\000\040\000p\000o\000i\000n\000t\000\051\0001\0001\0003\0000\0002\0008\0002\0002\0007\0001\0000\0009\0008\0001\0001\0003\0000\0000\0000\0000\0007\0009\0005\0009\0000\0006\0001\0005\0008\0005\0009\0002}{section.2}% 9
\BOOKMARK [2][-]{subsection.2.8}{\376\377\217\375\212\030\377\032\060\300\060\244\060\252\060\374\060\311\060\156\147\000\131\047\133\232\150\074\0001\0001\0003\0000\0002\0008\0002\0002\0007\0001\0000\0009\0008\0002\0000\0003\0002\0006\0004\0003\0002}{section.2}% 10
\BOOKMARK [2][-]{subsection.2.9}{\376\377\217\375\212\030\377\032\000p\000n\143\245\124\010\060\300\060\244\060\252\060\374\060\311\060\156\145\164\155\101\162\171\140\047\137\017\000j\000s\000d\000f\000v\000l\0001\0001\0003\0000\0000\0000\0000\0007\0009\0005\0009\0000\0006\0001\0002}{section.2}% 11
\BOOKMARK [2][-]{subsection.2.10}{\376\377\217\375\212\030\377\032\137\256\122\006\142\265\142\227\0001\0001\0003\0000\0000\0000\0000\0007\0009\0005\0009\0000\0006\0001\0002}{section.2}% 12
\BOOKMARK [2][-]{subsection.2.11}{\376\377\217\375\212\030\377\032\121\111\133\120\000\050\000p\000h\000o\000t\000o\000n\000\051\0001\0001\0003\0000\0000\0000\0003\0009\0000\0002\0000\0005\0004\0008\0003\0002\0006\0004\0000}{section.2}% 13
\BOOKMARK [2][-]{subsection.2.12}{\376\377\217\375\212\030\377\032\121\111\134\016\226\373\122\271\147\234\000\050\000p\000h\000o\000t\000o\000c\000o\000n\000d\000u\000c\000t\000i\000v\000e\000\040\000e\000f\000f\000e\000c\000t\000\051\0001\0001\0003\0000\0000\0000\0003\0009\0000\0005\0004\0008\0003\0002\0006\0004\0000}{section.2}% 14
\BOOKMARK [2][-]{subsection.2.13}{\376\377\217\375\212\030\377\032\124\070\123\316\172\357\154\342\225\167\000\050\000a\000b\000s\000o\000r\000p\000t\000i\000o\000n\000\040\000e\000d\000g\000e\000\040\000w\000a\000v\000e\000l\000e\000n\000g\000t\000h\000\051\0001\0001\0003\0000\0000\0002\0000\0002\0006\0004\0000}{section.2}% 15
\BOOKMARK [2][-]{subsection.2.14}{\376\377\217\375\212\030\377\032\121\111\215\167\226\373\122\233\122\271\147\234\000\050\000p\000h\000o\000t\000o\000v\000o\000l\000t\000a\000i\000c\000\040\000e\000f\000f\000e\000c\000t\000\051\0001\0001\0003\0000\0000\0002\0000\0005\0004\0008\0003\0002\0006\0004\0000}{section.2}% 16
\BOOKMARK [2][-]{subsection.2.15}{\376\377\131\052\226\175\226\373\154\140\000\050\000s\000o\000l\000a\000r\000\040\000c\000e\000l\000l\000\051}{section.2}% 17
\BOOKMARK [2][-]{subsection.2.16}{\376\377\217\375\212\030\377\032\166\172\226\373\226\373\122\233}{section.2}% 18
\BOOKMARK [1][-]{section.3}{\376\377\133\237\232\023}{}% 19
\BOOKMARK [2][-]{subsection.3.1}{\376\377\060\300\060\244\060\252\060\374\060\311\060\156\162\171\140\047\133\237\232\023}{section.3}% 20
\BOOKMARK [3][-]{subsubsection.3.1.1}{\376\377\060\300\060\244\060\252\060\374\060\311\060\156\133\237\232\023\126\150\121\167}{subsection.3.1}% 21
\BOOKMARK [3][-]{subsubsection.3.1.2}{\376\377\060\300\060\244\060\252\060\374\060\311\060\156\133\237\232\023\145\271\154\325}{subsection.3.1}% 22
\BOOKMARK [3][-]{subsubsection.3.1.3}{\376\377\060\300\060\244\060\252\060\374\060\311\060\156\175\120\147\234}{subsection.3.1}% 23
\BOOKMARK [3][-]{subsubsection.3.1.4}{\376\377\060\300\060\244\060\252\060\374\060\311\060\156\200\003\133\337}{subsection.3.1}% 24
\BOOKMARK [2][-]{subsection.3.2}{\376\377\060\304\060\247\060\312\060\374\060\300\060\244\060\252\060\374\060\311\060\156\162\171\140\047\133\237\232\023}{section.3}% 25
\BOOKMARK [3][-]{subsubsection.3.2.1}{\376\377\060\304\060\247\060\312\060\374\060\300\060\244\060\252\060\374\060\311\060\156\133\237\232\023\126\150\121\167}{subsection.3.2}% 26
\BOOKMARK [3][-]{subsubsection.3.2.2}{\376\377\060\304\060\247\060\312\060\374\060\300\060\244\060\252\060\374\060\311\060\156\133\237\232\023\145\271\154\325}{subsection.3.2}% 27
\BOOKMARK [3][-]{subsubsection.3.2.3}{\376\377\060\304\060\247\060\312\060\374\060\300\060\244\060\252\060\374\060\311\060\156\175\120\147\234}{subsection.3.2}% 28
\BOOKMARK [3][-]{subsubsection.3.2.4}{\376\377\060\304\060\247\060\312\060\374\060\300\060\244\060\252\060\374\060\311\060\156\200\003\133\337}{subsection.3.2}% 29
\BOOKMARK [2][-]{subsection.3.3}{\376\377\060\304\060\247\060\312\060\374\060\300\060\244\060\252\060\374\060\311\133\232\226\373\127\047\126\336\215\357\060\156\133\237\232\023}{section.3}% 30
\BOOKMARK [3][-]{subsubsection.3.3.1}{\376\377\060\304\060\247\060\312\060\374\060\300\060\244\060\252\060\374\060\311\133\232\226\373\127\047\126\336\215\357\060\156\133\237\232\023\126\150\121\167}{subsection.3.3}% 31
\BOOKMARK [3][-]{subsubsection.3.3.2}{\376\377\060\304\060\247\060\312\060\374\060\300\060\244\060\252\060\374\060\311\133\232\226\373\127\047\126\336\215\357\060\156\133\237\232\023\145\271\154\325}{subsection.3.3}% 32
\BOOKMARK [3][-]{subsubsection.3.3.3}{\376\377\060\304\060\247\060\312\060\374\060\300\060\244\060\252\060\374\060\311\133\232\226\373\127\047\126\336\215\357\060\156\175\120\147\234}{subsection.3.3}% 33
\BOOKMARK [3][-]{subsubsection.3.3.4}{\376\377\060\304\060\247\060\312\060\374\060\300\060\244\060\252\060\374\060\311\133\232\226\373\127\047\126\336\215\357\060\156\200\003\133\337}{subsection.3.3}% 34
\BOOKMARK [2][-]{subsection.3.4}{\376\377\131\052\226\175\226\373\154\140\060\156\166\172\226\373\162\171\140\047\060\156\133\237\232\023}{section.3}% 35
\BOOKMARK [3][-]{subsubsection.3.4.1}{\376\377\131\052\226\175\226\373\154\140\060\156\166\172\226\373\162\171\140\047\060\156\133\237\232\023\126\150\121\167}{subsection.3.4}% 36
\BOOKMARK [3][-]{subsubsection.3.4.2}{\376\377\131\052\226\175\226\373\154\140\060\156\166\172\226\373\162\171\140\047\060\156\133\237\232\023\145\271\154\325}{subsection.3.4}% 37
\BOOKMARK [3][-]{subsubsection.3.4.3}{\376\377\131\052\226\175\226\373\154\140\060\156\166\172\226\373\162\171\140\047\060\156\175\120\147\234}{subsection.3.4}% 38
\BOOKMARK [3][-]{subsubsection.3.4.4}{\376\377\131\052\226\175\226\373\154\140\060\156\166\172\226\373\162\171\140\047\060\156\200\003\133\337}{subsection.3.4}% 39
\BOOKMARK [1][-]{section.4}{\376\377\175\120\212\326}{}% 40
