

*******************************************************************************
Fri Jun  3 13:42:24 2022


FIT:    data read from "bias.txt" using 4:3
        format = x:z
        #datapoints = 9
        residuals are weighted equally (unit weight)

function used for fitting: a*x+b
fitted parameters initialized with current variable values

iter      chisq       delta/lim  lambda   a             b            
   0 2.8500000000e+02   0.00e+00  3.44e+00    1.000000e+00   1.000000e+00


*******************************************************************************
Fri Jun  3 13:43:48 2022


FIT:    data read from "bias.txt" using 4:3
        format = x:z
        #datapoints = 9
        residuals are weighted equally (unit weight)

function used for fitting: a*x
fitted parameters initialized with current variable values

iter      chisq       delta/lim  lambda   a            
   0 1.1567691953e-278  0.00e+00  3.59e-140 -7.530231e-141
  23 0.0000000000e+00  -inf       3.59e-140 -7.530231e-164

After 23 iterations the fit converged.
final sum of squares of residuals : 0
abs. change during last iteration : -1.13635e-322


Hmmmm.... Sum of squared residuals is zero. Can't compute errors.

Final set of parameters 
======================= 

a               = -7.53023e-164  


*******************************************************************************
Fri Jun 10 12:42:43 2022


FIT:    data read from "rev-bias.txt" u 1:2
        format = x:z
        #datapoints = 9
        residuals are weighted equally (unit weight)

function used for fitting: a*x+b
fitted parameters initialized with current variable values

iter      chisq       delta/lim  lambda   a             b            
   0 2.8500000000e+02   0.00e+00  3.44e+00    1.000000e+00   1.000000e+00
4650 3.8249555175e-117 -2.00e+02  3.44e-21   -6.755441e-60   3.801063e-59

The fit was stopped by the user after 46508 iterations.
final sum of squares of residuals : 3.82496e-117
abs. change during last iteration : -7.65374e-120


Hmmmm.... Sum of squared residuals is zero. Can't compute errors.

Final set of parameters 
======================= 

a               = -6.75544e-60   
b               = 3.80106e-59    


*******************************************************************************
Fri Jun 10 12:43:48 2022


FIT:    data read from "rev-bias.txt" u 1:2
        format = x:z
        #datapoints = 9
        residuals are weighted equally (unit weight)

function used for fitting: a
fitted parameters initialized with current variable values

iter      chisq       delta/lim  lambda   a            
   0 4.1072384121e-118  0.00e+00  6.76e-60   -6.755441e-60
3924 2.7372383298e-211 -2.00e+02  6.76e-60  -1.743954e-106

The fit was stopped by the user after 39245 iterations.
final sum of squares of residuals : 2.73724e-211
abs. change during last iteration : -5.47721e-214


Hmmmm.... Sum of squared residuals is zero. Can't compute errors.

Final set of parameters 
======================= 

a               = -1.74395e-106  
