

*******************************************************************************
Sat Jun 25 22:48:55 2022


FIT:    data read from "data1-C.txt" u 1:3
        format = x:z
        #datapoints = 5
        residuals are weighted equally (unit weight)

function used for fitting: a*x+b
fitted parameters initialized with current variable values

iter      chisq       delta/lim  lambda   a             b            
   0 5.9963506140e+05   0.00e+00  2.46e+00    1.000000e+00   1.000000e+00
   4 4.8249430147e+01  -1.26e-03  2.46e-04    1.029475e+02   8.310431e+00

After 4 iterations the fit converged.
final sum of squares of residuals : 48.2494
rel. change during last iteration : -1.26493e-08

degrees of freedom    (FIT_NDF)                        : 3
rms of residuals      (FIT_STDFIT) = sqrt(WSSR/ndf)    : 4.01038
variance of residuals (reduced chisquare) = WSSR/ndf   : 16.0831

Final set of parameters            Asymptotic Standard Error
=======================            ==========================
a               = 102.947          +/- 1.267        (1.231%)
b               = 8.31043          +/- 4.221        (50.79%)

correlation matrix of the fit parameters:
                a      b      
a               1.000 
b              -0.905  1.000 


*******************************************************************************
Sat Jun 25 22:49:15 2022


FIT:    data read from "data08-C.txt" u 1:3
        format = x:z
        #datapoints = 5
        residuals are weighted equally (unit weight)

function used for fitting: c*x+d
fitted parameters initialized with current variable values

iter      chisq       delta/lim  lambda   c             d            
   0 4.1135564430e+05   0.00e+00  2.42e+00    1.000000e+00   1.000000e+00
   4 1.7286011344e+00  -1.36e-02  2.42e-04    8.569970e+01   1.157190e+01

After 4 iterations the fit converged.
final sum of squares of residuals : 1.7286
rel. change during last iteration : -1.35709e-07

degrees of freedom    (FIT_NDF)                        : 3
rms of residuals      (FIT_STDFIT) = sqrt(WSSR/ndf)    : 0.759079
variance of residuals (reduced chisquare) = WSSR/ndf   : 0.5762

Final set of parameters            Asymptotic Standard Error
=======================            ==========================
c               = 85.6997          +/- 0.2469       (0.2881%)
d               = 11.5719          +/- 0.8081       (6.984%)

correlation matrix of the fit parameters:
                c      d      
c               1.000 
d              -0.907  1.000 


*******************************************************************************
Sat Jun 25 22:49:31 2022


FIT:    data read from "data06-C.txt" u 1:3
        format = x:z
        #datapoints = 5
        residuals are weighted equally (unit weight)

function used for fitting: e*x+f
fitted parameters initialized with current variable values

iter      chisq       delta/lim  lambda   e             f            
   0 2.8077956250e+05   0.00e+00  2.45e+00    1.000000e+00   1.000000e+00
   4 1.5748872006e+01  -1.51e-06  2.45e-04    6.741239e+01   1.895837e+01

After 4 iterations the fit converged.
final sum of squares of residuals : 15.7489
rel. change during last iteration : -1.51272e-11

degrees of freedom    (FIT_NDF)                        : 3
rms of residuals      (FIT_STDFIT) = sqrt(WSSR/ndf)    : 2.29121
variance of residuals (reduced chisquare) = WSSR/ndf   : 5.24962

Final set of parameters            Asymptotic Standard Error
=======================            ==========================
e               = 67.4124          +/- 0.7252       (1.076%)
f               = 18.9584          +/- 2.409        (12.71%)

correlation matrix of the fit parameters:
                e      f      
e               1.000 
f              -0.905  1.000 


*******************************************************************************
Sat Jun 25 22:49:43 2022


FIT:    data read from "data04-C.txt" u 1:3
        format = x:z
        #datapoints = 5
        residuals are weighted equally (unit weight)

function used for fitting: g*x+h
fitted parameters initialized with current variable values

iter      chisq       delta/lim  lambda   g             h            
   0 1.7373158190e+05   0.00e+00  2.45e+00    1.000000e+00   1.000000e+00
   4 8.0039996921e+02  -3.73e-05  2.45e-04    5.680603e+01   1.641076e+00

After 4 iterations the fit converged.
final sum of squares of residuals : 800.4
rel. change during last iteration : -3.72624e-10

degrees of freedom    (FIT_NDF)                        : 3
rms of residuals      (FIT_STDFIT) = sqrt(WSSR/ndf)    : 16.334
variance of residuals (reduced chisquare) = WSSR/ndf   : 266.8

Final set of parameters            Asymptotic Standard Error
=======================            ==========================
g               = 56.806           +/- 5.165        (9.092%)
h               = 1.64108          +/- 17.16        (1046%)

correlation matrix of the fit parameters:
                g      h      
g               1.000 
h              -0.905  1.000 


*******************************************************************************
Sat Jun 25 22:49:56 2022


FIT:    data read from "data02-C.txt" u 1:3
        format = x:z
        #datapoints = 5
        residuals are weighted equally (unit weight)

function used for fitting: i*x+j
fitted parameters initialized with current variable values

iter      chisq       delta/lim  lambda   i             j            
   0 4.6688126600e+04   0.00e+00  2.46e+00    1.000000e+00   1.000000e+00
   4 1.0663248676e+00  -2.17e-02  2.46e-04    2.457282e+01   2.048839e+01

After 4 iterations the fit converged.
final sum of squares of residuals : 1.06632
rel. change during last iteration : -2.16502e-07

degrees of freedom    (FIT_NDF)                        : 3
rms of residuals      (FIT_STDFIT) = sqrt(WSSR/ndf)    : 0.596189
variance of residuals (reduced chisquare) = WSSR/ndf   : 0.355442

Final set of parameters            Asymptotic Standard Error
=======================            ==========================
i               = 24.5728          +/- 0.1868       (0.7602%)
j               = 20.4884          +/- 0.6233       (3.042%)

correlation matrix of the fit parameters:
                i      j      
i               1.000 
j              -0.904  1.000 
