%このファイルは日本語文字を含みます.
\BOOKMARK [1][-]{section.1}{\376\377\166\356\166\204}{}% 1
\BOOKMARK [1][-]{section.2}{\376\377\123\237\164\006}{}% 2
\BOOKMARK [2][-]{subsection.2.1}{\376\377\170\301\147\137\000\050\000m\000a\000g\000n\000e\000t\000i\000c\000\040\000f\000l\000u\000x\000\051\0001\0001\0003\0000\0002\0008\0002\0002\0007\0000\0004\0002}{section.2}% 3
\BOOKMARK [2][-]{subsection.2.2}{\376\377\170\301\154\027\123\314\151\165\133\120\000\050\000m\000a\000g\000n\000e\000t\000i\000c\000\040\000d\000i\000p\000o\000l\000e\000\051\0007\0006\0005\0002}{section.2}% 4
\BOOKMARK [2][-]{subsection.2.3}{\376\377\170\301\154\027\060\342\060\374\060\341\060\363\060\310\000\050\000m\000a\000g\000n\000e\000t\000i\000c\000\040\000m\000o\000m\000e\000n\000t\000\051\0007\0006\0005\0002\0001\0001\0003\0000\0002\0008\0002\0002\0007\0001\0006\0002}{section.2}% 5
\BOOKMARK [2][-]{subsection.2.4}{\376\377\170\301\123\026\000\050\000m\000a\000g\000n\000e\000t\000i\000z\000a\000t\000i\000o\000n\000\051\0001\0001\0003\0000\0002\0000\0004\0002}{section.2}% 6
\BOOKMARK [2][-]{subsection.2.5}{\376\377\060\255\060\345\060\352\060\374\060\156\154\325\122\107\000\050\000C\000u\000r\000i\000e\000'\000s\000\040\000l\000a\000w\000\051\0007\0006\0009\0007\0002}{section.2}% 7
\BOOKMARK [2][-]{subsection.2.6}{\376\377\170\301\154\027\126\336\215\357\000\050\000m\000a\000g\000n\000e\000t\000i\000c\000\040\000c\000i\000r\000c\000u\000i\000t\000\051}{section.2}% 8
\BOOKMARK [2][-]{subsection.2.7}{\376\377\116\244\155\101\170\301\123\026\162\171\140\047}{section.2}% 9
\BOOKMARK [2][-]{subsection.2.8}{\376\377\170\301\123\072\000\050\000m\000a\000g\000n\000e\000t\000i\000c\000\040\000d\000o\000m\000a\000i\000n\000\051\0007\0006\0009\0007\0001\0005\0002}{section.2}% 10
\BOOKMARK [2][-]{subsection.2.9}{\376\377\170\301\154\027\230\375\124\214\163\376\214\141\000x\000d\000r\000c\000f\000h\000g\000v\000j\000b}{section.2}% 11
\BOOKMARK [2][-]{subsection.2.10}{\376\377\060\323\060\252\000-\060\265\060\320\060\374\060\353\060\156\154\325\122\107\000\050\000B\000i\000o\000t\000-\000S\000a\000v\000a\000r\000t\000'\000s\000\040\000l\000a\000w\000\051\0001\0001\0003\0000\0002\0008\0002\0002\0007\0001\0006\0002\0006\0002\0008\0000\0001\0009\0002}{section.2}% 12
\BOOKMARK [2][-]{subsection.2.11}{\376\377\060\242\060\363\060\332\060\374\060\353\060\156\154\325\122\107\000\050\000A\000m\000p\000\350\000r\000e\000'\000s\000\040\000c\000i\000r\000c\000u\000i\000t\000a\000l\000\040\000l\000a\000w\000\051\000\040\0001\0002}{section.2}% 13
\BOOKMARK [2][-]{subsection.2.12}{\376\377\142\265\142\227\144\015\060\150\157\002\220\112\214\240\203\167\144\015\0001\0001\0003\0000\0002\0008\0002\0002\0007\0001\0008\0003\0002\0005\0007\0007\0001\0005\0002}{section.2}% 14
\BOOKMARK [2][-]{subsection.2.13}{\376\377\172\115\122\006\126\336\215\357}{section.2}% 15
\BOOKMARK [1][-]{section.3}{\376\377\145\271\154\325}{}% 16
\BOOKMARK [2][-]{subsection.3.1}{\376\377\117\177\165\050\126\150\121\167}{section.3}% 17
\BOOKMARK [2][-]{subsection.3.2}{\376\377\133\237\232\023\142\113\230\006}{section.3}% 18
\BOOKMARK [1][-]{section.4}{\376\377\175\120\147\234}{}% 19
\BOOKMARK [2][-]{subsection.4.1}{\376\377\122\261\170\301\226\373\155\101\377\014\226\373\122\233\123\312\060\163\117\115\166\370\135\356}{section.4}% 20
\BOOKMARK [2][-]{subsection.4.2}{\376\377\122\261\170\301\226\373\155\101\154\342\137\142\060\156\212\010\156\054}{section.4}% 21
\BOOKMARK [2][-]{subsection.4.3}{\376\377\060\322\060\271\060\306\060\352\060\267\060\271\060\353\060\374\060\327\060\156\212\010\156\054}{section.4}% 22
\BOOKMARK [2][-]{subsection.4.4}{\376\377\122\261\170\301\226\373\155\101\117\134\126\363}{section.4}% 23
\BOOKMARK [1][-]{section.5}{\376\377\200\003\133\337}{}% 24
\BOOKMARK [2][-]{subsection.5.1}{\376\377\212\262\230\114\200\003\133\337}{section.5}% 25
\BOOKMARK [2][-]{subsection.5.2}{\376\377\162\354\201\352\200\003\133\337}{section.5}% 26
\BOOKMARK [1][-]{section.6}{\376\377\175\120\212\326}{}% 27
