This is e-pTeX, Version 3.141592653-p3.9.0-210218-2.6 (utf8.sjis) (TeX Live 2021/W32TeX) (preloaded format=platex 2022.4.12)  19 MAY 2022 07:59
entering extended mode
 restricted \write18 enabled.
 %&-line parsing enabled.
**d:/sangi_sinagawa/grade_3/reports/jikken_report_diode/report.tex
(d:/sangi_sinagawa/grade_3/reports/jikken_report_diode/report.tex
pLaTeX2e <2021-06-01>+2 (based on LaTeX2e <2021-06-01> patch level 1)
L3 programming layer <2021-08-27> (c:/texlive/2021/texmf-dist/tex/platex/base/jarticle.cls
Document Class: jarticle 2020/09/30 v1.8f Standard pLaTeX class
\c@@paper=\count181
(c:/texlive/2021/texmf-dist/tex/platex/base/jsize11.clo
File: jsize11.clo 2020/09/30 v1.8f Standard pLaTeX file (size option)
)
\c@part=\count182
\c@section=\count183
\c@subsection=\count184
\c@subsubsection=\count185
\c@paragraph=\count186
\c@subparagraph=\count187
\c@figure=\count188
\c@table=\count189
\abovecaptionskip=\skip47
\belowcaptionskip=\skip48
\symmincho=\mathgroup4
LaTeX Font Info:    Overwriting symbol font `mincho' in version `bold'
(Font)                  JY1/mc/m/n --> JY1/gt/m/n on input line 615.
\toclineskip=\dimen154
\@lnumwidth=\dimen155
\bibindent=\dimen156
\heisei=\count190
) (./eee.sty (c:/texlive/2021/texmf-dist/tex/latex/geometry/geometry.sty
Package: geometry 2020/01/02 v5.9 Page Geometry
(c:/texlive/2021/texmf-dist/tex/latex/graphics/keyval.sty
Package: keyval 2014/10/28 v1.15 key=value parser (DPC)
\KV@toks@=\toks17
) (c:/texlive/2021/texmf-dist/tex/generic/iftex/ifvtex.sty
Package: ifvtex 2019/10/25 v1.7 ifvtex legacy package. Use iftex instead.
(c:/texlive/2021/texmf-dist/tex/generic/iftex/iftex.sty
Package: iftex 2020/03/06 v1.0d TeX engine tests
))
\Gm@cnth=\count191
\Gm@cntv=\count192
\c@Gm@tempcnt=\count193
\Gm@bindingoffset=\dimen157
\Gm@wd@mp=\dimen158
\Gm@odd@mp=\dimen159
\Gm@even@mp=\dimen160
\Gm@layoutwidth=\dimen161
\Gm@layoutheight=\dimen162
\Gm@layouthoffset=\dimen163
\Gm@layoutvoffset=\dimen164
\Gm@dimlist=\toks18
) (c:/texlive/2021/texmf-dist/tex/latex/amsmath/amsmath.sty
Package: amsmath 2021/04/20 v2.17j AMS math features
\@mathmargin=\skip49
For additional information on amsmath, use the `?' option.
(c:/texlive/2021/texmf-dist/tex/latex/amsmath/amstext.sty
Package: amstext 2000/06/29 v2.01 AMS text
(c:/texlive/2021/texmf-dist/tex/latex/amsmath/amsgen.sty
File: amsgen.sty 1999/11/30 v2.0 generic functions
\@emptytoks=\toks19
\ex@=\dimen165
)) (c:/texlive/2021/texmf-dist/tex/latex/amsmath/amsbsy.sty
Package: amsbsy 1999/11/29 v1.2d Bold Symbols
\pmbraise@=\dimen166
) (c:/texlive/2021/texmf-dist/tex/latex/amsmath/amsopn.sty
Package: amsopn 2016/03/08 v2.02 operator names
)
\inf@bad=\count194
LaTeX Info: Redefining \frac on input line 234.
\uproot@=\count195
\leftroot@=\count196
LaTeX Info: Redefining \overline on input line 399.
\classnum@=\count197
\DOTSCASE@=\count198
LaTeX Info: Redefining \ldots on input line 496.
LaTeX Info: Redefining \dots on input line 499.
LaTeX Info: Redefining \cdots on input line 620.
\Mathstrutbox@=\box67
\strutbox@=\box68
\big@size=\dimen167
LaTeX Font Info:    Redeclaring font encoding OML on input line 743.
LaTeX Font Info:    Redeclaring font encoding OMS on input line 744.
\macc@depth=\count199
\c@MaxMatrixCols=\count266
\dotsspace@=\muskip16
\c@parentequation=\count267
\dspbrk@lvl=\count268
\tag@help=\toks20
\row@=\count269
\column@=\count270
\maxfields@=\count271
\andhelp@=\toks21
\eqnshift@=\dimen168
\alignsep@=\dimen169
\tagshift@=\dimen170
\tagwidth@=\dimen171
\totwidth@=\dimen172
\lineht@=\dimen173
\@envbody=\toks22
\multlinegap=\skip50
\multlinetaggap=\skip51
\mathdisplay@stack=\toks23
LaTeX Info: Redefining \[ on input line 2923.
LaTeX Info: Redefining \] on input line 2924.
) (c:/texlive/2021/texmf-dist/tex/latex/graphics/graphicx.sty
Package: graphicx 2020/12/05 v1.2c Enhanced LaTeX Graphics (DPC,SPQR)
(c:/texlive/2021/texmf-dist/tex/latex/graphics/graphics.sty
Package: graphics 2021/03/04 v1.4d Standard LaTeX Graphics (DPC,SPQR)
(c:/texlive/2021/texmf-dist/tex/latex/graphics/trig.sty
Package: trig 2016/01/03 v1.10 sin cos tan (DPC)
) (c:/texlive/2021/texmf-dist/tex/latex/graphics-cfg/graphics.cfg
File: graphics.cfg 2016/06/04 v1.11 sample graphics configuration
)
Package graphics Info: Driver file: dvipdfmx.def on input line 107.
(c:/texlive/2021/texmf-dist/tex/latex/graphics-def/dvipdfmx.def
File: dvipdfmx.def 2021/03/18 v5.0j Graphics/color driver for dvipdfmx
))
\Gin@req@height=\dimen174
\Gin@req@width=\dimen175
) (c:/texlive/2021/texmf-dist/tex/latex/graphics/lscape.sty
Package: lscape 2020/05/28 v3.02 Landscape Pages (DPC)
) (c:/texlive/2021/texmf-dist/tex/latex/cite/cite.sty
LaTeX Info: Redefining \cite on input line 302.
LaTeX Info: Redefining \nocite on input line 332.
Package: cite 2015/02/27  v 5.5
) (c:/texlive/2021/texmf-dist/tex/latex/tools/enumerate.sty
Package: enumerate 2015/07/23 v3.00 enumerate extensions (DPC)
\@enLab=\toks24
) (c:/texlive/2021/texmf-dist/tex/latex/multirow/multirow.sty
Package: multirow 2021/03/15 v2.8 Span multiple rows of a table
\multirow@colwidth=\skip52
\multirow@cntb=\count272
\multirow@dima=\skip53
\bigstrutjot=\dimen176
) (c:/texlive/2021/texmf-dist/tex/latex/graphics/color.sty
Package: color 2020/02/24 v1.2b Standard LaTeX Color (DPC)
(c:/texlive/2021/texmf-dist/tex/latex/graphics-cfg/color.cfg
File: color.cfg 2016/01/02 v1.6 sample color configuration
)
Package color Info: Driver file: dvipdfmx.def on input line 149.
(c:/texlive/2021/texmf-dist/tex/latex/graphics/dvipsnam.def
File: dvipsnam.def 2016/06/17 v3.0m Driver-dependent file (DPC,SPQR)
)) (c:/texlive/2021/texmf-dist/tex/latex/listings/listings.sty
\lst@mode=\count273
\lst@gtempboxa=\box69
\lst@token=\toks25
\lst@length=\count274
\lst@currlwidth=\dimen177
\lst@column=\count275
\lst@pos=\count276
\lst@lostspace=\dimen178
\lst@width=\dimen179
\lst@newlines=\count277
\lst@lineno=\count278
\lst@maxwidth=\dimen180
(c:/texlive/2021/texmf-dist/tex/latex/listings/lstmisc.sty
File: lstmisc.sty 2020/03/24 1.8d (Carsten Heinz)
\c@lstnumber=\count279
\lst@skipnumbers=\count280
\lst@framebox=\box70
) (c:/texlive/2021/texmf-dist/tex/latex/listings/listings.cfg
File: listings.cfg 2020/03/24 1.8d listings configuration
))
Package: listings 2020/03/24 1.8d (Carsten Heinz)
(./jlisting.sty
Package: jlisting 2006/02/20 0.2 (Thor)
\lst@nextchar=\count281
\lst@inputfile=\read2
) (c:/texlive/2021/texmf-dist/tex/latex/listings/lstlang1.sty
File: lstlang1.sty 2020/03/24 1.8d listings language file
) (c:/texlive/2021/texmf-dist/tex/latex/listings/lstmisc.sty
File: lstmisc.sty 2020/03/24 1.8d (Carsten Heinz)
)) (c:/texlive/2021/texmf-dist/tex/latex/subfig/subfig.sty
Package: subfig 2005/06/28 ver: 1.3 subfig package
(c:/texlive/2021/texmf-dist/tex/latex/caption/caption.sty
Package: caption 2020/10/26 v3.5g Customizing captions (AR)
(c:/texlive/2021/texmf-dist/tex/latex/caption/caption3.sty
Package: caption3 2020/10/21 v2.2e caption3 kernel (AR)
\captionmargin=\dimen181
\captionmargin@=\dimen182
\captionwidth=\dimen183
\caption@tempdima=\dimen184
\caption@indent=\dimen185
\caption@parindent=\dimen186
\caption@hangindent=\dimen187
Package caption Info: Unknown document class (or package),
(caption)             standard defaults will be used.
Package caption Info: \@makecaption = \long macro:#1#2->\vskip \abovecaptionskip \iftdir \sbox \@tempboxa {#1\hskip 1zw#2}\else \sbox \@tempboxa {#1: #2}\fi \ifdim \wd \@tempboxa >\hsize \iftdir #1\hskip 1zw#2\relax \par \else #1: #2\relax \par \fi \else \global \@minipagefalse \hb@xt@ \hsize {\hfil \box \@tempboxa \hfil }\fi \vskip \belowcaptionskip  on input line 1139.
)

Package caption Warning: Unknown document class (or package),
(caption)                standard defaults will be used.
See the caption package documentation for explanation.

\c@caption@flags=\count282
\c@continuedfloat=\count283
Package caption Info: listings package is loaded.
)
\c@KVtest=\count284
\sf@farskip=\skip54
\sf@captopadj=\dimen188
\sf@capskip=\skip55
\sf@nearskip=\skip56
\c@subfigure=\count285
\c@subfigure@save=\count286
\c@lofdepth=\count287
\c@subtable=\count288
\c@subtable@save=\count289
\c@lotdepth=\count290
\sf@top=\skip57
\sf@bottom=\skip58
) (c:/texlive/2021/texmf-dist/tex/latex/url/url.sty
\Urlmuskip=\muskip17
Package: url 2013/09/16  ver 3.4  Verb mode for urls, etc.
) (c:/texlive/2021/texmf-dist/tex/latex/l3backend/l3backend-dvipdfmx.def
File: l3backend-dvipdfmx.def 2021-08-04 L3 backend support: dvipdfmx
(|extractbb --version)
\c__kernel_sys_dvipdfmx_version_int=\count291
\l__color_backend_stack_int=\count292
\g__color_backend_stack_int=\count293
\g__graphics_track_int=\count294
\l__pdf_internal_box=\box71
\g__pdf_backend_object_int=\count295
\g__pdf_backend_annotation_int=\count296
\g__pdf_backend_link_int=\count297
) (./report.aux)
\openout1 = `report.aux'.

LaTeX Font Info:    Checking defaults for OML/cmm/m/it on input line 6.
LaTeX Font Info:    ... okay on input line 6.
LaTeX Font Info:    Checking defaults for OMS/cmsy/m/n on input line 6.
LaTeX Font Info:    ... okay on input line 6.
LaTeX Font Info:    Checking defaults for OT1/cmr/m/n on input line 6.
LaTeX Font Info:    ... okay on input line 6.
LaTeX Font Info:    Checking defaults for T1/cmr/m/n on input line 6.
LaTeX Font Info:    ... okay on input line 6.
LaTeX Font Info:    Checking defaults for TS1/cmr/m/n on input line 6.
LaTeX Font Info:    ... okay on input line 6.
LaTeX Font Info:    Checking defaults for OMX/cmex/m/n on input line 6.
LaTeX Font Info:    ... okay on input line 6.
LaTeX Font Info:    Checking defaults for U/cmr/m/n on input line 6.
LaTeX Font Info:    ... okay on input line 6.
LaTeX Font Info:    Checking defaults for JY1/mc/m/n on input line 6.
LaTeX Font Info:    ... okay on input line 6.
LaTeX Font Info:    Checking defaults for JT1/mc/m/n on input line 6.
LaTeX Font Info:    ... okay on input line 6.
*geometry* detected driver: dvipdfm
*geometry* verbose mode - [ preamble ] result:
* driver: dvipdfm
* paper: a4paper
* layout: <same size as paper>
* layoutoffset:(h,v)=(0.0pt,0.0pt)
* modes: 
* h-part:(L,W,R)=(56.9055pt, 483.69687pt, 56.9055pt)
* v-part:(T,H,B)=(85.35826pt, 702.78308pt, 56.9055pt)
* \paperwidth=597.50787pt
* \paperheight=845.04684pt
* \textwidth=483.69687pt
* \textheight=702.78308pt
* \oddsidemargin=-15.36449pt
* \evensidemargin=-15.36449pt
* \topmargin=-23.91173pt
* \headheight=12.0pt
* \headsep=25.0pt
* \topskip=8.51457pt
* \footskip=30.0pt
* \marginparwidth=98.0pt
* \marginparsep=10.0pt
* \columnsep=10.0pt
* \skip\footins=10.0pt plus 4.0pt minus 2.0pt
* \hoffset=0.0pt
* \voffset=0.0pt
* \mag=1000
* \@twocolumnfalse
* \@twosidefalse
* \@mparswitchfalse
* \@reversemarginfalse
* (1in=72.27pt=25.4mm, 1cm=28.453pt)

\c@lstlisting=\count298
Package caption Info: Begin \AtBeginDocument code.
Package caption Info: subfig package v1.3 is loaded.
Package caption Info: End \AtBeginDocument code.
(./topPage.tex
LaTeX Font Info:    Font shape `JT1/mc/bx/n' in size <14.4> not available
(Font)              Font shape `JT1/gt/m/n' tried instead on input line 1.
LaTeX Font Info:    Font shape `JY1/mc/bx/n' in size <14.4> not available
(Font)              Font shape `JY1/gt/m/n' tried instead on input line 1.
LaTeX Font Info:    Font shape `JT1/mc/bx/n' in size <12> not available
(Font)              Font shape `JT1/gt/m/n' tried instead on input line 1.
LaTeX Font Info:    Font shape `JY1/mc/bx/n' in size <12> not available
(Font)              Font shape `JY1/gt/m/n' tried instead on input line 1.
LaTeX Font Info:    Font shape `JT1/mc/bx/n' in size <10.95> not available
(Font)              Font shape `JT1/gt/m/n' tried instead on input line 2.
LaTeX Font Info:    Font shape `JY1/mc/bx/n' in size <10.95> not available
(Font)              Font shape `JY1/gt/m/n' tried instead on input line 2.
LaTeX Font Info:    Font shape `JT1/mc/bx/n' in size <20.74> not available
(Font)              Font shape `JT1/gt/m/n' tried instead on input line 2.
LaTeX Font Info:    Font shape `JY1/mc/bx/n' in size <20.74> not available
(Font)              Font shape `JY1/gt/m/n' tried instead on input line 2.
[1

]) (./theory.tex
File: ./pdfs/fig1.pdf Graphic file (type pdf)
<./pdfs/fig1.pdf>
File: ./pdfs/fig2.pdf Graphic file (type pdf)
<./pdfs/fig2.pdf>
[1]
File: ./pdfs/fig3.pdf Graphic file (type pdf)
<./pdfs/fig3.pdf>
File: ./pdfs/fig4.pdf Graphic file (type pdf)
<./pdfs/fig4.pdf>
[2]
File: ./pdfs/fig5.pdf Graphic file (type pdf)
<./pdfs/fig5.pdf>
File: ./pdfs/fig6.pdf Graphic file (type pdf)
<./pdfs/fig6.pdf>
[3]) (./method_diode.tex
File: ./pdfs/diode1.pdf Graphic file (type pdf)
<./pdfs/diode1.pdf>
File: ./figs/G-forward_bias_ID-VD.pdf Graphic file (type pdf)
<./figs/G-forward_bias_ID-VD.pdf>

LaTeX Warning: `!h' float specifier changed to `!ht'.

[4

]
File: ./figs/G-forward_discussion.pdf Graphic file (type pdf)
<./figs/G-forward_discussion.pdf>

LaTeX Warning: `!h' float specifier changed to `!ht'.

[5] [6]
File: ./pdfs/risou1.pdf Graphic file (type pdf)
<./pdfs/risou1.pdf>

LaTeX Warning: `!h' float specifier changed to `!ht'.

File: ./pdfs/diode2.pdf Graphic file (type pdf)
<./pdfs/diode2.pdf>
[7]
File: ./figs/G-reverse_bias_ID-VD.pdf Graphic file (type pdf)
<./figs/G-reverse_bias_ID-VD.pdf>

LaTeX Warning: `!h' float specifier changed to `!ht'.


LaTeX Warning: Reference `fig:2' on page 8 undefined on input line 226.

) [8] [9] (./method_zenerDiode.tex
Overfull \hbox (11.47661pt too wide) in paragraph at lines 6--15
 [][][][] 
 []

File: ./pdfs/zener_diode1.pdf Graphic file (type pdf)
<./pdfs/zener_diode1.pdf>
File: ./figs/G-zener_Vi-VLIZ.pdf Graphic file (type pdf)
<./figs/G-zener_Vi-VLIZ.pdf>

LaTeX Warning: `!h' float specifier changed to `!ht'.

[10]
Overfull \vbox (1.26082pt too high) has occurred while \output is active []

[11]
File: ./figs/G-zener_VL-IZ.pdf Graphic file (type pdf)
<./figs/G-zener_VL-IZ.pdf>
[12]
File: ./pdfs/zener_diode2.pdf Graphic file (type pdf)
<./pdfs/zener_diode2.pdf>
File: ./figs/G-zener_IZ-VL.pdf Graphic file (type pdf)
<./figs/G-zener_IZ-VL.pdf>

LaTeX Warning: `!h' float specifier changed to `!ht'.

File: ./figs/G-zener_IZ-IL.pdf Graphic file (type pdf)
<./figs/G-zener_IZ-IL.pdf>

LaTeX Warning: `!h' float specifier changed to `!ht'.

[13]
File: ./pdfs/risou2.pdf Graphic file (type pdf)
<./pdfs/risou2.pdf>

LaTeX Warning: `!h' float specifier changed to `!ht'.

[14] [15]
File: ./figs/G-zener_IZ-RZRL.pdf Graphic file (type pdf)
<./figs/G-zener_IZ-RZRL.pdf>
) (./method_solarBattery.tex) (./reference.tex [16]
Underfull \hbox (badness 3514) in paragraph at lines 5--6
[]\OT1/cmr/m/n/10.95 ``Zener Diodes 1N4728A - 1N4758A''\JY1/mc/m/n/10.95 ， \OT1/cmr/m/n/10.95 on-semi\JY1/mc/m/n/10.95 ， $\OT1/cmtt/m/n/10.95 https : / / www . onsemi . com / pdf / datasheet /
 []


Underfull \hbox (badness 2990) in paragraph at lines 6--7
[]\OT1/cmr/m/n/10.95 ``39. \JY1/mc/m/n/10.95 ダイオ ードの基本\OT1/cmr/m/n/10.95 ''\JY1/mc/m/n/10.95 ， \OT1/cmr/m/n/10.95 chip one stop\JY1/mc/m/n/10.95 ， $\OT1/cmtt/m/n/10.95 https : / / www . chip1stop . com / sp / knowledge / 039 _
 []


Underfull \hbox (badness 10000) in paragraph at lines 6--7
\OT1/cmtt/m/n/10.95 fundamentals-[]of-[]diodes# : [] : text = %E5 % AE % 9F % E9 % 9A % 9B % E3 % 81 % AE % E3 % 83 % 80 % E3 % 82 % A4 % E3 %
 []


Underfull \hbox (badness 10000) in paragraph at lines 6--7
\OT1/cmtt/m/n/10.95 82 % AA % E3 % 83 % BC % E3 % 83 % 89 % E3 % 81 % A7 % E3 % 81 % AF % E3 % 80 % 81 % E9 % 80 % 86 ,[] %E6 % B5 % 81 % E3 % 82 % 8C %
 []


Underfull \hbox (badness 10000) in paragraph at lines 6--7
\OT1/cmtt/m/n/10.95 E3 % 82 % 8B % E3 % 82 % 88 % E3 % 81 % 86 % E3 % 81 % AB % E3 % 81 % AA % E3 % 82 % 8A % E3 % 81 % BE % E3 % 81 % 99 % E3 % 80 % 82$\JY1/mc/m/n/10.95 ，
 []

) [17] (./report.aux)

LaTeX Warning: There were undefined references.

 ) 
Here is how much of TeX's memory you used:
 5523 strings out of 479062
 86459 string characters out of 5869667
 573217 words of memory out of 5000000
 23542 multiletter control sequences out of 15000+600000
 416673 words of font info for 79 fonts, out of 8000000 for 9000
 929 hyphenation exceptions out of 8191
 72i,14n,80p,498b,450s stack positions out of 5000i,500n,10000p,200000b,80000s

Output written on report.dvi (18 pages, 53980 bytes).
